# Домашнее задание
## Работа с индексами

### Цель:
* знать и уметь применять основные виды индексов PostgreSQL
* строить и анализировать план выполнения запроса
* уметь оптимизировать запросы для с использованием индексов

## Описание/Пошаговая инструкция выполнения домашнего задания:
* Создать индексы на БД, которые ускорят доступ к данным.   
* В данном задании тренируются навыки:
    - определения узких мест
    - написания запросов для создания индекса
    - оптимизации
*  Необходимо:
    * Создать индекс к какой-либо из таблиц вашей БД
    * Прислать текстом результат команды explain, которой используется данный индекс
    * Реализовать индекс для полнотекстового поиска
    * Реализовать индекс на часть таблицы или индекс на поле с функцией
    * Создать индекс на несколько полей
    * Написать комментарии к каждому из индексов
* Описать что и как делали и с какими проблемами столкнулись

## Выполнение домашнего задания
* Захожу в консоль управления ЯО https://console.yandex.cloud/folders/b1g32bcmj4hctvjuvnou/compute/instances \
> для домашнего задания создал 4 виртуальные машину в ЯО с 2 ядрами и 2 Гб ОЗУ и HDD 10GB\


> Подключаюсь к серверу и устанавливаю PostgreSQL 16 с дефолтными настройками 
```bash
ssh -i .ssh\yc_key yc-user@84.252.133.68
sudo apt update && sudo apt upgrade -y -q && sudo sh -c 'echo "deb http://apt.postgresql.org/pub/repos/apt $(lsb_release -cs)-pgdg main" > /etc/apt/sources.list.d/pgdg.list' && wget --quiet -O - https://www.postgresql.org/media/keys/ACCC4CF8.asc | sudo apt-key add - && sudo apt-get update && sudo apt -y install postgresql-16
```
> Разворачиваю Демонстрационную базу данных по полетам за один месяц
```bash
sudo su - postgres 
wget https://edu.postgrespro.ru/demo-small.zip && zcat demo-small.zip | psql
psql -d demo
```
```sql

-- 1. Создать индекс к какой-либо из таблиц вашей БД


-- Возьму для примера таблицу билетов bookings.tickets. 
-- проверяю план запроса на поиск билетов по идентификатору пассажира

EXPLAIN 
SELECT * FROM bookings.tickets WHERE passenger_id = '123456789';

-- Gather  (cost=1000.00..9086.17 rows=1 width=104)
--   Workers Planned: 2
--   ->  Parallel Seq Scan on tickets  (cost=0.00..8086.07 rows=1 width=104)
--        Filter: ((passenger_id)::text = '123456789'::text)


--Создаю индекс для оптимизации запросов, которые часто используют поля passenger_id. Например, запросы на поиск билетов по идентификатору пассажира.

CREATE INDEX idx_tickets_passenger_id ON bookings.tickets(passenger_id);

-- Проверяю план запроса на поиск билетов по идентификатору пассажира
EXPLAIN 
SELECT * FROM bookings.tickets WHERE passenger_id = '123456789';

-- 2. Прислать текстом результат команды explain, которой используется данный индекс

-- План запроса без индекса

-- Gather  (cost=1000.00..9086.17 rows=1 width=104)
--   Workers Planned: 2
--   ->  Parallel Seq Scan on tickets  (cost=0.00..8086.07 rows=1 width=104)
--        Filter: ((passenger_id)::text = '123456789'::text)

-- План запроса с индексом

-- Index Scan using idx_tickets_passenger_id on tickets  (cost=0.42..8.44 rows=1 width=104)
--   Index Cond: ((passenger_id)::text = '123456789'::text)


-- Приблизительная стоимость запуска увеличилась с 0.00 до 0.42
-- Приблизительная общая стоимость уменьшилась с 8086.07 до 8.44


-- 3. Реализовать индекс для полнотекстового поиска

-- Для полнотекстового поиска по полю passenger_name, можно создать индекс типа GIN или GIST.

CREATE INDEX idx_tickets_passenger_name ON bookings.tickets USING gin(to_tsvector('english', passenger_name));


EXPLAIN SELECT * FROM bookings.tickets
WHERE to_tsvector('english', passenger_name) @@ to_tsquery('english', 'GRIGOREV');

-- Bitmap Heap Scan on tickets  (cost=22.43..4455.59 rows=1834 width=104)
--   Recheck Cond: (to_tsvector('english'::regconfig, passenger_name) @@ '''grigorev'''::tsquery)
--   ->  Bitmap Index Scan on idx_tickets_passenger_name  (cost=0.00..21.97 rows=1834 width=0)
--         Index Cond: (to_tsvector('english'::regconfig, passenger_name) @@ '''grigorev'''::tsquery)
       
-- Этот индекс позволит быстро выполнять полнотекстовый поиск по полю passenger_name. 
-- Например, запросы на поиск пассажиров по части имени или фамилии.


-- 4. Реализовать индекс на часть таблицы или индекс на поле с функцией

-- Создам индекс на поле с функцией для таблицы bookings.ticket_flights

CREATE INDEX idx_ticket_flights_amount ON bookings.ticket_flights(amount) where amount < 3100; 

EXPLAIN 
SELECT * FROM bookings.ticket_flights WHERE amount < 500;

-- Bitmap Heap Scan on ticket_flights  (cost=4.42..74.20 rows=18 width=32)
--  Recheck Cond: (amount < '500'::numeric)
--  ->  Bitmap Index Scan on idx_ticket_flights_amount  (cost=0.00..4.42 rows=18 width=0)
--        Index Cond: (amount < '500'::numeric)

-- В плане выполнения запроса видно, что используется индекс idx_ticket_flights_amount, 
-- что указывает на эффективное использование индекса на поле с функцией.    


-- 5 Создать индекс на несколько полей

-- Можно создать индекс на несколько полей, например, на book_ref и passenger_name.
-- Этот индекс позволит быстро выполнять запросы, которые фильтруют данные по номеру бронирования и имени пассажира.
CREATE INDEX idx_tickets_book_ref_passenger_name ON bookings.tickets(book_ref, passenger_name);

EXPLAIN 
SELECT * FROM bookings.tickets WHERE book_ref = 'ABC123' AND passenger_name ='MIKHAIL KUZNECOV';


--Index Scan using idx_tickets_book_ref_passenger_name on tickets  (cost=0.42..8.44 rows=1 width=104)
--  Index Cond: ((book_ref = 'ABC123'::bpchar) AND (passenger_name = 'MIKHAIL KUZNECOV'::text))
  
-- Индекс на несколько полей (book_ref, passenger_name): Этот индекс позволит быстро выполнять запросы,
-- которые фильтруют данные по номеру бронирования и имени пассажира.




--Смотрю какого размера индексы

--Смотрь размеры таблиц вместе с индексами
SELECT
    TABLE_NAME,
    pg_size_pretty(table_size) AS table_size,
    pg_size_pretty(indexes_size) AS indexes_size,
    pg_size_pretty(total_size) AS total_size
FROM (
    SELECT
        TABLE_NAME,
        pg_table_size(TABLE_NAME) AS table_size,
        pg_indexes_size(TABLE_NAME) AS indexes_size,
        pg_total_relation_size(TABLE_NAME) AS total_size
    FROM (
        SELECT ('"' || table_schema || '"."' || TABLE_NAME || '"') AS TABLE_NAME
        FROM information_schema.tables
    ) AS all_tables
    ORDER BY total_size DESC

    ) AS pretty_sizes;


   
--из практики смотрю неиспользуемые индексы
SELECT s.schemaname,
       s.relname AS tablename,
       s.indexrelname AS indexname,
       pg_size_pretty(pg_relation_size(s.indexrelid)) AS index_size,
       s.idx_scan
FROM pg_catalog.pg_stat_user_indexes s
   JOIN pg_catalog.pg_index i ON s.indexrelid = i.indexrelid
WHERE s.idx_scan < 10      -- has never been scanned
  AND 0 <>ALL (i.indkey)  -- no index column is an expression
  AND NOT i.indisunique   -- is not a UNIQUE index
  AND NOT EXISTS          -- does not enforce a constraint
         (SELECT 1 FROM pg_catalog.pg_constraint c
          WHERE c.conindid = s.indexrelid)
ORDER BY pg_relation_size(s.indexrelid) DESC;


```