# Домашнее задание
## Работа с join'ами, статистикой

### Цель:
* знать и уметь применять различные виды join'ов
* строить и анализировать план выполенения запроса
* оптимизировать запрос
* уметь собирать и анализировать статистику для таблицы

### Описание/Пошаговая инструкция выполнения домашнего задания:
* В результате выполнения ДЗ вы научитесь пользоваться различными вариантами соединения таблиц.

### В данном задании тренируются навыки:

 * написания запросов с различными типами соединений
    ####  Необходимо:
    * Реализовать прямое соединение двух или более таблиц
    * Реализовать левостороннее (или правостороннее)
    * соединение двух или более таблиц
    * Реализовать кросс соединение двух или более таблиц
    * Реализовать полное соединение двух или более таблиц
    * Реализовать запрос, в котором будут использованы разные типы соединений
    * Сделать комментарии на каждый запрос
    * К работе приложить структуру таблиц, для которых выполнялись соединения
* Задание со звездочкой*
    * Придумайте 3 своих метрики на основе показанных представлений, отправьте их через ЛК, а так же поделитесь с коллегами в слаке

## Выполнение домашнего задания
* Захожу в консоль управления ЯО https://console.yandex.cloud/folders/b1g32bcmj4hctvjuvnou/compute/instances \
> для домашнего задания создал 4 виртуальные машину в ЯО с 2 ядрами и 2 Гб ОЗУ и HDD 10GB\


> Подключаюсь к серверу и устанавливаю PostgreSQL 16 с дефолтными настройками 
```bash
ssh -i .ssh\yc_key yc-user@84.252.133.68
sudo apt update && sudo apt upgrade -y -q && sudo sh -c 'echo "deb http://apt.postgresql.org/pub/repos/apt $(lsb_release -cs)-pgdg main" > /etc/apt/sources.list.d/pgdg.list' && wget --quiet -O - https://www.postgresql.org/media/keys/ACCC4CF8.asc | sudo apt-key add - && sudo apt-get update && sudo apt -y install postgresql-16
```
>  зодключаюсь к кластеру Postgres
``` 
sudo -u postgres psql
```
> Создаю ,базу данных shop и в ней две таблицы:
```
1. Таблица клиентов customers:
customer_id (INT) - Идентификатор клиента
customer_name (VARCHAR) - Имя клиента
email (VARCHAR) - Адрес эл. почты клиента
phone  (VARCHAR) - Телефон клиента

2.Таблица заказов orders:
order_id (PRIMARY KEY, INT) - Идентификатор заказа
customer_id (INT, FOREIGN KEY) - Идентификатор клиента (ссылка на customers)
order_date (DATE) - Дата заказа
amount (DECIMAL) - Сумма заказа
city (VARCHAR) - Город заказа
status (VARCHAR) - Статус заказа
```
```sql
CREATE DATABASE shop;
\c shop

CREATE TABLE customers (
	customer_id SERIAL PRIMARY KEY,
    customer_name VARCHAR(100),
    email VARCHAR(100),
    phone VARCHAR(100)
);

CREATE TABLE orders (
    order_id SERIAL PRIMARY KEY,
    customer_id INT REFERENCES customers(customer_id),
    order_date DATE,
    amount DECIMAL(10, 2),
    city VARCHAR(100),
    status VARCHAR(100)
);

INSERT INTO customers (customer_name, email, phone) VALUES
('PAVEL MEDVEDEV', 'pavel_medvedev_051962@mail.ru','+70164122723'),
('OLEG NOVIKOV', 'olegnovikov09081960@mail.ru','+70118631206'),
('SERGEY MELNIKOV', 'smelnikov-021971@mail.ru', '+70826094885'),
('VALENTINA NIKOLAEVA', 'valentinanikolaeva@mail.ru', '+70460637068'),
('ALEKSEY ISAEV', 'aisaev_06101977@mail.ru', '+70355424701'),
('VLADIMIR KOZLOV', 'kozlovv-031978@mail.ru', '+70722366555'),
('ALEKSANDRA SERGEEVA', 'sergeeva-a.1969@mail.ru', '+70216234428'),
('OLGA FEDOROVA', 'o_fedorova.15021969@mail.ru', '+70306599570'),
('ALEKSEY SERGEEV', 'sergeev_aleksey051971@mail.ru', '+70888931421'),
('VLADIMIR SMIRNOV', 'smirnov_v_1971@mail.ru', '+70722050322'),
('YAROSLAV TIMOFEEV', 'yaroslavtimofeev1970@mail.ru', '+70517392168'),
('ALEKSANDR IVANOV', 'ivanov-aleksandr@mail.ru', '+70305761859'),
('IGOR PETROV', 'petrov_igor.1973@mail.ru', '+70588304996'),
('ALEKSEY KUZNECOV', 'kuznecov.aleksey.1976@mail.ru', '+70780340065');

INSERT INTO orders (customer_id, order_date, amount, city, status) VALUES
(1, '2024-01-15', 150.00,'Moscow','returned'),
(2, '2024-01-16', 200.50,'Rostov', 'completed'),
(3, '2024-01-17', 300.75,'Omsk', 'completed'),
(4, '2024-01-18', 450.00,'Krasnodar','completed'),
(1, '2024-01-19', 60.25,'Moscow','placed'),
(2, '2024-01-20', 125.99,'Rostov','shipped'),
(3, '2024-01-21', 320.50,'Rostov','shipped'),
(8, '2024-01-22', 220.00,'Krasnodar','completed'),
(9, '2024-01-23', 80.75,'Omsk','completed'),
(10, '2024-01-24', 500.60,'Taganrog','completed'),
(1, '2024-02-01', 150.70,'Moscow','completed'),
(2, '2024-02-02', 250.00,'Omsk','completed'),
(3, '2024-02-03', 20.80,'Ekaterinburg','placed'),
(5, '2024-02-04', 890.90,'Moscow','placed'),
(6, '2024-02-05', 300.40,'Omsk','returned'),
(7, '2024-02-06', 750.00,'Krasnodar','completed'),
(7, '2024-02-07', 280.00,'Ekaterinburg', 'completed'),
(8, '2024-02-08', 333.33,'Rostov','shipped'),
(9, '2024-02-09', 415.20,'Rostov','completed'),
(10, '2024-02-10', 199.99,'Krasnodar','completed');
```
* Пишу запросы с различными типами соединений
1. Прямое соединение (INNER JOIN)
```sql
explain
SELECT 
    c.customer_name,
    o.order_date,
    o.amount
FROM 
    customers c
INNER JOIN 
    orders o ON c.customer_id = o.customer_id;
   
-- Комментарий: Этот запрос отображает имена клиентов вместе с датами и суммами их заказов. 
-- Используется прямое соединение для получения только тех клиентов, у которых есть заказы.
 
-- Hash Join  (cost=12.47..24.51 rows=160 width=238)
--   Hash Cond: (o.customer_id = c.customer_id)
--   ->  Seq Scan on orders o  (cost=0.00..11.60 rows=160 width=24)
--   ->  Hash  (cost=11.10..11.10 rows=110 width=222)
--         ->  Seq Scan on customers c  (cost=0.00..11.10 rows=110 width=222)


-- Hash Join используется, когда размеры объединяемых таблиц позволяют создать хеш-таблицу. 
-- В этом случае таблица customers сканируется последовательно (Seq Scan) для создания хеш-таблицы, после чего выполняется проверка соответствия с orders. 
-- Это оптимально для не очень больших таблиц.
-- Seq Scan: Все запросы начинают со сканирования таблиц, что подразумевает отсутствие индексов или малый размер данных.
```

2. Левостороннее соединение (LEFT JOIN)
```sql
explain
SELECT 
    c.customer_name,
    o.order_date,
    o.amount
FROM 
    customers c
LEFT JOIN 
    orders o ON c.customer_id = o.customer_id;
   
-- Комментарий: Этот запрос показывает всех клиентов, включая тех, у кого нет заказов.
-- Если заказов нет, поля `order_date` и `amount` будут NULL.   
   
   
-- Hash Right Join  (cost=12.47..24.51 rows=160 width=238)
--   Hash Cond: (o.customer_id = c.customer_id)
--   ->  Seq Scan on orders o  (cost=0.00..11.60 rows=160 width=24)
--   ->  Hash  (cost=11.10..11.10 rows=110 width=222)
--         ->  Seq Scan on customers c  (cost=0.00..11.10 rows=110 width=222)Hash Right Join  (cost=12.03..40.41 rows=1450 width=238)


-- Правый хешируемый Join (Right Join) обеспечивает выбор всех строк из правой таблицы (customers) даже в случае отсутствия сопоставлений в таблице orders. 
-- Это делает join на основании той же хеш-таблицы, используемой в первом запросе.
   
```
3. Правостороннее соединение (RIGHT JOIN)
```sql
explain
SELECT 
    c.customer_name,
    o.order_date,
    o.amount
FROM 
    customers c
RIGHT JOIN 
    orders o ON c.customer_id = o.customer_id;

-- Комментарий: Этот запрос отображает все заказы, включая те, которые могут отсутствовать из-за отсутствия информации о клиенте.
-- Если клиента нет, поле `customer_name` будет NULL.
   
-- Hash Left Join  (cost=12.47..24.51 rows=160 width=238)
--   Hash Cond: (o.customer_id = c.customer_id)
--   ->  Seq Scan on orders o  (cost=0.00..11.60 rows=160 width=24)
--    ->  Hash  (cost=11.10..11.10 rows=110 width=222)
--         ->  Seq Scan on customers c  (cost=0.00..11.10 rows=110 width=222)
   
-- Hash Join используется, когда размеры объединяемых таблиц позволяют создать хеш-таблицу. 
-- В этом случае таблица customers сканируется последовательно (Seq Scan) для создания хеш-таблицы, после чего выполняется проверка соответствия с orders. 
-- Это оптимально для не очень больших таблиц.
-- Seq Scan: Все запросы начинают со сканирования таблиц, что подразумевает отсутствие индексов или малый размер данных. 

```
4. Кросс-соединение (CROSS JOIN)
```sql
explain
SELECT 
    c.customer_name,
    o.order_id
FROM 
    customers c
CROSS JOIN 
    orders o;
   
-- Комментарий: Этот запрос создает декартово произведение между клиентами и заказами.
-- Каждый клиент будет связан со всеми заказами, что может привести к большому количеству строк.
   
-- Nested Loop  (cost=0.00..242.97 rows=17600 width=222)
--  ->  Seq Scan on orders o  (cost=0.00..11.60 rows=160 width=4)
--  ->  Materialize  (cost=0.00..11.65 rows=110 width=218)
--        ->  Seq Scan on customers c  (cost=0.00..11.10 rows=110 width=218)  
  
-- Nested Loop Join использует вложенные циклы, что может быть менее эффективно при больших объемах данных, поскольку для каждой строки из первой таблицы выполняется поиск соответствий во второй таблице. 
-- Однако в данной реализации первая таблица тоже сканируется последовательно, а результаты второй таблицы (customers) материализуются. Это может быть полезно, если одна из таблиц значительно меньше другой.


```
5. Полное соединение (FULL OUTER JOIN)
```sql
explain
SELECT 
    c.customer_name,
    o.order_date,
    o.amount
FROM 
    customers c
FULL OUTER JOIN 
    orders o ON c.customer_id = o.customer_id;
          
-- Комментарий: Этот запрос возвращает всех клиентов и все заказы.
-- Если у клиентов нет заказов, поля заказы будут NULL, и наоборот.   
   
-- Hash Full Join  (cost=12.47..24.51 rows=160 width=238)
--  Hash Cond: (o.customer_id = c.customer_id)
--  ->  Seq Scan on orders o  (cost=0.00..11.60 rows=160 width=24)
--  ->  Hash  (cost=11.10..11.10 rows=110 width=222)
--        ->  Seq Scan on customers c  (cost=0.00..11.10 rows=110 width=222)

-- Полный хешируемый Join (Full Join) выбирает все строки как из orders, так и из customers, возвращая NULL, где соответствий не найдено. 
-- Это требует создания хеш-таблицы для обеих таблиц и может быть ресурсозатратным для больших наборов данных.  
```
6. Комбинированное соединение
```sql
explain
SELECT 
    c.customer_name,
    o.order_date,
    o.amount
FROM 
    customers c
LEFT JOIN 
    orders o ON c.customer_id = o.customer_id
UNION
SELECT 
    c.customer_name,
    o.order_date,
    o.amount
FROM 
    customers c
RIGHT JOIN 
    orders o ON c.customer_id = o.customer_id;
                      
-- Комментарий: Этот запрос использует и левостороннее, и правостороннее соединение, объединяя результаты.
-- Вывод включает всех клиентов и всех заказов без дубликатов из-за использования UNION.
   
-- HashAggregate  (cost=53.01..56.21 rows=320 width=238)
--  Group Key: c.customer_name, o.order_date, o.amount
--  ->  Append  (cost=12.47..50.61 rows=320 width=238)
--        ->  Hash Right Join  (cost=12.47..24.51 rows=160 width=238)
--              Hash Cond: (o.customer_id = c.customer_id)
--              ->  Seq Scan on orders o  (cost=0.00..11.60 rows=160 width=24)
--              ->  Hash  (cost=11.10..11.10 rows=110 width=222)
--                    ->  Seq Scan on customers c  (cost=0.00..11.10 rows=110 width=222)
--        ->  Hash Left Join  (cost=12.47..24.51 rows=160 width=238)
--              Hash Cond: (o_1.customer_id = c_1.customer_id)
--              ->  Seq Scan on orders o_1  (cost=0.00..11.60 rows=160 width=24)
--              ->  Hash  (cost=11.10..11.10 rows=110 width=222)
--                    ->  Seq Scan on customers c_1  (cost=0.00..11.10 rows=110 width=222)
 
   
-- План запроса начинается с HashAggregate и включает в себя Append и две операции соединения (Hash Right Join и Hash Left Join).
-- Происходит агрегация результатов всех объединений. HashAggregate создаёт уникальные группы на основе указанных ключей.
-- Append объединяет результаты различных подзапросов. В данном случае включены результаты из двух соединений: Hash Right Join и Hash Left Join. 
-- Это указывает на то, что финальный набор данных получен из двух источников.
-- Hash Right Join отвечает за выбор строк из таблицы customers. Seq Scan на таблице orders предполагает, что основной размер таблицы небольшой. Создаётся хеш для таблицы customers, что позволяет эффективно выполнять соединение по ключу customer_id.
-- Hash Left Join аналогичен предыдущему соединению, но обеспечивает выбор строк из orders. Здесь также используются последовательные сканирования для обеих таблиц и создание новыми хеш-таблицами.
   
```
* Придумайте 3 своих метрики

> Предположим будут часто выполняться запросы по количеству клиентов в городе, количеству заказов в городе, количеству заказов у клиента с любым статусом.\
> Создам по ним статистику для оптимизации плана запросов


1. Создаю статистики по количеству клиентов в городе
```sql

CREATE STATISTICS customers_by_city (ndistinct) 
    ON customer_id, city FROM orders;
``` 

2. Создаю статистики по количеству заказов в городе
```sql

CREATE STATISTICS orders_by_city (ndistinct) 
    ON order_id, city FROM orders;
```
  
3. Создаю статистики по количеству заказов у клиента с любым статусом
```sql

CREATE STATISTICS orders_status_per_customer (ndistinct) 
    ON customer_id, status FROM orders;
```

После создания статистики, выполняю

```sql

ANALYZE orders;
```
Смотрю список расширенных статистик
```sql 
select * from pg_statistic_ext;
```